2025-05-06 21:15:00,344 INFO: Job Portal startup [in C:\Users\pixel\OneDrive\Desktop\jobportal1\FE_FINAL\jobportal\jobportal\jobportal\app.py:28]
2025-05-06 21:15:00,533 INFO: Job Portal startup [in C:\Users\pixel\OneDrive\Desktop\jobportal1\FE_FINAL\jobportal\jobportal\jobportal\app.py:28]
2025-05-06 21:16:19,479 INFO: Job Portal startup [in C:\Users\pixel\OneDrive\Desktop\jobportal1\FE_FINAL\jobportal\jobportal\jobportal\app.py:28]
2025-05-06 21:16:20,059 INFO: Job Portal startup [in C:\Users\pixel\OneDrive\Desktop\jobportal1\FE_FINAL\jobportal\jobportal\jobportal\app.py:28]
2025-05-06 22:28:58,773 INFO: Fetching contact messages [in C:\Users\pixel\OneDrive\Desktop\jobportal1\FE_FINAL\jobportal\jobportal\jobportal\app.py:694]
2025-05-06 22:28:58,778 INFO: Found 9 contact messages [in C:\Users\pixel\OneDrive\Desktop\jobportal1\FE_FINAL\jobportal\jobportal\jobportal\app.py:696]
2025-05-06 22:28:58,804 INFO: Fetching job applications [in C:\Users\pixel\OneDrive\Desktop\jobportal1\FE_FINAL\jobportal\jobportal\jobportal\app.py:711]
2025-05-06 22:28:58,806 INFO: Found 4 job applications [in C:\Users\pixel\OneDrive\Desktop\jobportal1\FE_FINAL\jobportal\jobportal\jobportal\app.py:713]
2025-05-06 22:29:06,855 INFO: Fetching contact messages [in C:\Users\pixel\OneDrive\Desktop\jobportal1\FE_FINAL\jobportal\jobportal\jobportal\app.py:694]
2025-05-06 22:29:06,856 INFO: Found 9 contact messages [in C:\Users\pixel\OneDrive\Desktop\jobportal1\FE_FINAL\jobportal\jobportal\jobportal\app.py:696]
2025-05-06 22:29:06,879 INFO: Fetching job applications [in C:\Users\pixel\OneDrive\Desktop\jobportal1\FE_FINAL\jobportal\jobportal\jobportal\app.py:711]
2025-05-06 22:29:06,880 INFO: Found 4 job applications [in C:\Users\pixel\OneDrive\Desktop\jobportal1\FE_FINAL\jobportal\jobportal\jobportal\app.py:713]
2025-05-06 22:29:10,174 INFO: Fetching contact messages [in C:\Users\pixel\OneDrive\Desktop\jobportal1\FE_FINAL\jobportal\jobportal\jobportal\app.py:694]
2025-05-06 22:29:10,175 INFO: Found 9 contact messages [in C:\Users\pixel\OneDrive\Desktop\jobportal1\FE_FINAL\jobportal\jobportal\jobportal\app.py:696]
2025-05-06 22:29:10,179 INFO: Fetching job applications [in C:\Users\pixel\OneDrive\Desktop\jobportal1\FE_FINAL\jobportal\jobportal\jobportal\app.py:711]
2025-05-06 22:29:10,181 INFO: Found 4 job applications [in C:\Users\pixel\OneDrive\Desktop\jobportal1\FE_FINAL\jobportal\jobportal\jobportal\app.py:713]
2025-05-06 22:29:47,634 INFO: Fetching contact messages [in C:\Users\pixel\OneDrive\Desktop\jobportal1\FE_FINAL\jobportal\jobportal\jobportal\app.py:694]
2025-05-06 22:29:47,636 INFO: Found 9 contact messages [in C:\Users\pixel\OneDrive\Desktop\jobportal1\FE_FINAL\jobportal\jobportal\jobportal\app.py:696]
2025-05-06 22:29:47,649 INFO: Fetching job applications [in C:\Users\pixel\OneDrive\Desktop\jobportal1\FE_FINAL\jobportal\jobportal\jobportal\app.py:711]
2025-05-06 22:29:47,649 INFO: Found 4 job applications [in C:\Users\pixel\OneDrive\Desktop\jobportal1\FE_FINAL\jobportal\jobportal\jobportal\app.py:713]
2025-05-06 22:30:38,091 INFO: Fetching contact messages [in C:\Users\pixel\OneDrive\Desktop\jobportal1\FE_FINAL\jobportal\jobportal\jobportal\app.py:694]
2025-05-06 22:30:38,093 INFO: Found 9 contact messages [in C:\Users\pixel\OneDrive\Desktop\jobportal1\FE_FINAL\jobportal\jobportal\jobportal\app.py:696]
2025-05-06 22:30:38,107 INFO: Fetching job applications [in C:\Users\pixel\OneDrive\Desktop\jobportal1\FE_FINAL\jobportal\jobportal\jobportal\app.py:711]
2025-05-06 22:30:38,109 INFO: Found 4 job applications [in C:\Users\pixel\OneDrive\Desktop\jobportal1\FE_FINAL\jobportal\jobportal\jobportal\app.py:713]
2025-05-06 22:30:42,509 INFO: Fetching contact messages [in C:\Users\pixel\OneDrive\Desktop\jobportal1\FE_FINAL\jobportal\jobportal\jobportal\app.py:694]
2025-05-06 22:30:42,509 INFO: Found 9 contact messages [in C:\Users\pixel\OneDrive\Desktop\jobportal1\FE_FINAL\jobportal\jobportal\jobportal\app.py:696]
2025-05-06 22:30:42,524 INFO: Fetching job applications [in C:\Users\pixel\OneDrive\Desktop\jobportal1\FE_FINAL\jobportal\jobportal\jobportal\app.py:711]
2025-05-06 22:30:42,525 INFO: Found 4 job applications [in C:\Users\pixel\OneDrive\Desktop\jobportal1\FE_FINAL\jobportal\jobportal\jobportal\app.py:713]
2025-05-06 22:33:32,647 INFO: Fetching contact messages [in C:\Users\pixel\OneDrive\Desktop\jobportal1\FE_FINAL\jobportal\jobportal\jobportal\app.py:694]
2025-05-06 22:33:32,649 INFO: Found 9 contact messages [in C:\Users\pixel\OneDrive\Desktop\jobportal1\FE_FINAL\jobportal\jobportal\jobportal\app.py:696]
2025-05-06 22:33:32,664 INFO: Fetching job applications [in C:\Users\pixel\OneDrive\Desktop\jobportal1\FE_FINAL\jobportal\jobportal\jobportal\app.py:711]
2025-05-06 22:33:32,666 INFO: Found 4 job applications [in C:\Users\pixel\OneDrive\Desktop\jobportal1\FE_FINAL\jobportal\jobportal\jobportal\app.py:713]
2025-05-06 22:33:35,358 INFO: Fetching contact messages [in C:\Users\pixel\OneDrive\Desktop\jobportal1\FE_FINAL\jobportal\jobportal\jobportal\app.py:694]
2025-05-06 22:33:35,359 INFO: Found 9 contact messages [in C:\Users\pixel\OneDrive\Desktop\jobportal1\FE_FINAL\jobportal\jobportal\jobportal\app.py:696]
2025-05-06 22:33:35,374 INFO: Fetching job applications [in C:\Users\pixel\OneDrive\Desktop\jobportal1\FE_FINAL\jobportal\jobportal\jobportal\app.py:711]
2025-05-06 22:33:35,376 INFO: Found 4 job applications [in C:\Users\pixel\OneDrive\Desktop\jobportal1\FE_FINAL\jobportal\jobportal\jobportal\app.py:713]
2025-05-06 22:33:38,777 INFO: Fetching contact messages [in C:\Users\pixel\OneDrive\Desktop\jobportal1\FE_FINAL\jobportal\jobportal\jobportal\app.py:694]
2025-05-06 22:33:38,778 INFO: Found 9 contact messages [in C:\Users\pixel\OneDrive\Desktop\jobportal1\FE_FINAL\jobportal\jobportal\jobportal\app.py:696]
2025-05-06 22:33:38,782 INFO: Fetching job applications [in C:\Users\pixel\OneDrive\Desktop\jobportal1\FE_FINAL\jobportal\jobportal\jobportal\app.py:711]
2025-05-06 22:33:38,784 INFO: Found 4 job applications [in C:\Users\pixel\OneDrive\Desktop\jobportal1\FE_FINAL\jobportal\jobportal\jobportal\app.py:713]
